<?xml version="1.0" encoding="UTF-8"?>
<robot generator="Robot 7.4.1 (Python 3.13.5 on win32)" generated="2026-04-15T13:55:29.388592" rpa="false" schemaversion="5">
<suite id="s1" name="Menukeszites" source="C:\Users\FarkasDominik\Documents\GitHub\13_S1_1_vizsgaremek\Tesztelés\robot_tests\tests\menukeszites.robot">
<test id="s1-t1" name="Sikeres menükészítés" line="35">
<kw name="Open Browser" owner="SeleniumLibrary">
<msg time="2026-04-15T13:55:29.576904" level="INFO">Opening browser 'chrome' to base url 'http://localhost:5173/login'.</msg>
<arg>${LOGIN URL}</arg>
<arg>${BROWSER}</arg>
<doc>Opens a new browser instance to the optional ``url``.</doc>
<status status="PASS" start="2026-04-15T13:55:29.576674" elapsed="0.877024"/>
</kw>
<kw name="Maximize Browser Window" owner="SeleniumLibrary">
<doc>Maximizes current browser window.</doc>
<status status="PASS" start="2026-04-15T13:55:30.455079" elapsed="0.026987"/>
</kw>
<kw name="Wait Until Page Contains Element" owner="SeleniumLibrary">
<arg>css=#app</arg>
<arg>timeout=10s</arg>
<doc>Waits until the element ``locator`` appears on the current page.</doc>
<status status="PASS" start="2026-04-15T13:55:30.482524" elapsed="0.019377"/>
</kw>
<kw name="Sleep" owner="BuiltIn">
<msg time="2026-04-15T13:55:32.503581" level="INFO">Slept 2 seconds.</msg>
<arg>2s</arg>
<doc>Pauses the test executed for the given time.</doc>
<status status="PASS" start="2026-04-15T13:55:30.502382" elapsed="2.001285"/>
</kw>
<kw name="Wait Until Page Contains Element" owner="SeleniumLibrary">
<arg>${MENUMAKER_EMAIL_INPUT}</arg>
<arg>timeout=10s</arg>
<doc>Waits until the element ``locator`` appears on the current page.</doc>
<status status="PASS" start="2026-04-15T13:55:32.503937" elapsed="0.009358"/>
</kw>
<kw name="Wait Until Page Contains Element" owner="SeleniumLibrary">
<msg time="2026-04-15T13:55:42.777203" level="INFO" html="true">&lt;/td&gt;&lt;/tr&gt;&lt;tr&gt;&lt;td colspan="3"&gt;&lt;a href="selenium-screenshot-14.png"&gt;&lt;img src="selenium-screenshot-14.png" width="800px"&gt;&lt;/a&gt;</msg>
<msg time="2026-04-15T13:55:42.777348" level="FAIL">Element '//*[@id="app"]/main/div/div[2]/div/form/input[2]' did not appear in 10 seconds.</msg>
<arg>${MENUMAKER_PASSWORD_INPUT}</arg>
<arg>timeout=10s</arg>
<doc>Waits until the element ``locator`` appears on the current page.</doc>
<status status="FAIL" start="2026-04-15T13:55:32.513563" elapsed="10.265441">Element '//*[@id="app"]/main/div/div[2]/div/form/input[2]' did not appear in 10 seconds.</status>
</kw>
<kw name="Input Text" owner="SeleniumLibrary">
<arg>${MENUMAKER_EMAIL_INPUT}</arg>
<arg>${VALID_EMAIL}</arg>
<doc>Types the given ``text`` into the text field identified by ``locator``.</doc>
<status status="NOT RUN" start="2026-04-15T13:55:42.779356" elapsed="0.000041"/>
</kw>
<kw name="Input Text" owner="SeleniumLibrary">
<arg>${MENUMAKER_PASSWORD_INPUT}</arg>
<arg>${VALID_PASS}</arg>
<doc>Types the given ``text`` into the text field identified by ``locator``.</doc>
<status status="NOT RUN" start="2026-04-15T13:55:42.779582" elapsed="0.000032"/>
</kw>
<kw name="Click Button" owner="SeleniumLibrary">
<arg>${MENUMAKER_BUTTON}</arg>
<doc>Clicks the button identified by ``locator``.</doc>
<status status="NOT RUN" start="2026-04-15T13:55:42.779804" elapsed="0.000028"/>
</kw>
<kw name="Wait Until Location Contains" owner="SeleniumLibrary">
<arg>dashboard</arg>
<arg>timeout=15s</arg>
<doc>Waits until the current URL contains ``expected``.</doc>
<status status="NOT RUN" start="2026-04-15T13:55:42.780144" elapsed="0.000042"/>
</kw>
<kw name="Sleep" owner="BuiltIn">
<arg>2s</arg>
<doc>Pauses the test executed for the given time.</doc>
<status status="NOT RUN" start="2026-04-15T13:55:42.780411" elapsed="0.000033"/>
</kw>
<kw name="Click Element" owner="SeleniumLibrary">
<arg>${MENUMAKER_CLICK_MENU}</arg>
<doc>Click the element identified by ``locator``.</doc>
<status status="NOT RUN" start="2026-04-15T13:55:42.780645" elapsed="0.000032"/>
</kw>
<kw name="Sleep" owner="BuiltIn">
<arg>2s</arg>
<doc>Pauses the test executed for the given time.</doc>
<status status="NOT RUN" start="2026-04-15T13:55:42.780857" elapsed="0.000029"/>
</kw>
<kw name="Click Element" owner="SeleniumLibrary">
<arg>${MENUMAKER_CLICK_ADDNEW}</arg>
<doc>Click the element identified by ``locator``.</doc>
<status status="NOT RUN" start="2026-04-15T13:55:42.781029" elapsed="0.000028"/>
</kw>
<kw name="Sleep" owner="BuiltIn">
<arg>2s</arg>
<doc>Pauses the test executed for the given time.</doc>
<status status="NOT RUN" start="2026-04-15T13:55:42.781201" elapsed="0.000034"/>
</kw>
<kw name="Click Element" owner="SeleniumLibrary">
<arg>${MENUMAKER_SELECT_DATE_ADDNEW}</arg>
<doc>Click the element identified by ``locator``.</doc>
<status status="NOT RUN" start="2026-04-15T13:55:42.781386" elapsed="0.000029"/>
</kw>
<kw name="Sleep" owner="BuiltIn">
<arg>2s</arg>
<doc>Pauses the test executed for the given time.</doc>
<status status="NOT RUN" start="2026-04-15T13:55:42.781603" elapsed="0.000027"/>
</kw>
<kw name="Select From List By Index" owner="SeleniumLibrary">
<arg>${MENUMAKER_SELECT_DATE_ADDNEW}</arg>
<arg>1</arg>
<doc>Selects options from selection list ``locator`` by ``indexes``.</doc>
<status status="NOT RUN" start="2026-04-15T13:55:42.782014" elapsed="0.000028"/>
</kw>
<kw name="Click Button" owner="SeleniumLibrary">
<arg>${MENUMAKER_CONTINUE_BUTTON}</arg>
<doc>Clicks the button identified by ``locator``.</doc>
<status status="NOT RUN" start="2026-04-15T13:55:42.782216" elapsed="0.000031"/>
</kw>
<kw name="Sleep" owner="BuiltIn">
<arg>2s</arg>
<doc>Pauses the test executed for the given time.</doc>
<status status="NOT RUN" start="2026-04-15T13:55:42.782489" elapsed="0.000047"/>
</kw>
<kw name="Click Element" owner="SeleniumLibrary">
<arg>${MENUMAKER_ADD_SOUP}</arg>
<doc>Click the element identified by ``locator``.</doc>
<status status="NOT RUN" start="2026-04-15T13:55:42.782685" elapsed="0.000046"/>
</kw>
<kw name="Click Element" owner="SeleniumLibrary">
<arg>${MENUMAKER_SELECT_OPA}</arg>
<doc>Click the element identified by ``locator``.</doc>
<status status="NOT RUN" start="2026-04-15T13:55:42.782918" elapsed="0.000031"/>
</kw>
<kw name="Click Element" owner="SeleniumLibrary">
<arg>${MENUMAKER_ADD_OPA}</arg>
<doc>Click the element identified by ``locator``.</doc>
<status status="NOT RUN" start="2026-04-15T13:55:42.783148" elapsed="0.000038"/>
</kw>
<kw name="Click Element" owner="SeleniumLibrary">
<arg>${MENUMAKER_SELECT_OPB}</arg>
<doc>Click the element identified by ``locator``.</doc>
<status status="NOT RUN" start="2026-04-15T13:55:42.783487" elapsed="0.000031"/>
</kw>
<kw name="Click Element" owner="SeleniumLibrary">
<arg>${MENUMAKER_ADD_OPB}</arg>
<doc>Click the element identified by ``locator``.</doc>
<status status="NOT RUN" start="2026-04-15T13:55:42.783692" elapsed="0.000027"/>
</kw>
<kw name="Click Element" owner="SeleniumLibrary">
<arg>${MENUMAKER_SELECT_OTHERS}</arg>
<doc>Click the element identified by ``locator``.</doc>
<status status="NOT RUN" start="2026-04-15T13:55:42.784052" elapsed="0.000027"/>
</kw>
<kw name="Click Element" owner="SeleniumLibrary">
<arg>${MENUMAKER_ADD_OTHERS}</arg>
<doc>Click the element identified by ``locator``.</doc>
<status status="NOT RUN" start="2026-04-15T13:55:42.784213" elapsed="0.000026"/>
</kw>
<kw name="Sleep" owner="BuiltIn">
<arg>2s</arg>
<doc>Pauses the test executed for the given time.</doc>
<status status="NOT RUN" start="2026-04-15T13:55:42.784397" elapsed="0.000026"/>
</kw>
<kw name="Click Element" owner="SeleniumLibrary">
<arg>${MENUMAKER_SAVE_BUTTON}</arg>
<doc>Click the element identified by ``locator``.</doc>
<status status="NOT RUN" start="2026-04-15T13:55:42.784578" elapsed="0.000025"/>
</kw>
<kw name="Sleep" owner="BuiltIn">
<arg>2s</arg>
<doc>Pauses the test executed for the given time.</doc>
<status status="NOT RUN" start="2026-04-15T13:55:42.784766" elapsed="0.000026"/>
</kw>
<kw name="Capture Page Screenshot" owner="SeleniumLibrary">
<doc>Takes a screenshot of the current page and embeds it into a log file.</doc>
<status status="NOT RUN" start="2026-04-15T13:55:42.784993" elapsed="0.000024"/>
</kw>
<kw name="Close Browser" owner="SeleniumLibrary" type="TEARDOWN">
<doc>Closes the current browser.</doc>
<status status="PASS" start="2026-04-15T13:55:42.785404" elapsed="2.307222"/>
</kw>
<doc>Sikeres menükészítés még nem létező napra</doc>
<status status="FAIL" start="2026-04-15T13:55:29.575870" elapsed="15.517544">Element '//*[@id="app"]/main/div/div[2]/div/form/input[2]' did not appear in 10 seconds.</status>
</test>
<doc>Menükészítő tesztelése</doc>
<status status="FAIL" start="2026-04-15T13:55:29.389617" elapsed="15.707430"/>
</suite>
<statistics>
<total>
<stat pass="0" fail="1" skip="0">All Tests</stat>
</total>
<tag>
</tag>
<suite>
<stat name="Menukeszites" id="s1" pass="0" fail="1" skip="0">Menukeszites</stat>
</suite>
</statistics>
<errors>
</errors>
</robot>
