<?xml version="1.0" encoding="UTF-8"?>
<robot generator="Robot 7.4.1 (Python 3.13.5 on win32)" generated="2026-02-25T08:32:10.576151" rpa="false" schemaversion="5">
<suite id="s1" name="Bejelentkezes" source="C:\Users\AtkariAriella\Desktop\13_S1_1_vizsgaremek\Tesztelés\robot_tests\tests\bejelentkezes.robot">
<test id="s1-t1" name="Sikeres bejelentkezés" line="23">
<kw name="Open Browser" owner="SeleniumLibrary">
<msg time="2026-02-25T08:32:10.707724" level="INFO">Opening browser 'chrome' to base url 'http://localhost:5173/login'.</msg>
<msg time="2026-02-25T08:32:11.471565" level="WARN">Error sending stats to Plausible: error sending request for url (https://plausible.io/api/event)</msg>
<arg>${LOGIN URL}</arg>
<arg>${BROWSER}</arg>
<doc>Opens a new browser instance to the optional ``url``.</doc>
<status status="PASS" start="2026-02-25T08:32:10.707298" elapsed="1.480247"/>
</kw>
<kw name="Maximize Browser Window" owner="SeleniumLibrary">
<doc>Maximizes current browser window.</doc>
<status status="PASS" start="2026-02-25T08:32:12.187863" elapsed="0.021773"/>
</kw>
<kw name="Wait Until Page Contains Element" owner="SeleniumLibrary">
<arg>css=#app</arg>
<arg>timeout=10s</arg>
<doc>Waits until the element ``locator`` appears on the current page.</doc>
<status status="PASS" start="2026-02-25T08:32:12.209912" elapsed="0.006998"/>
</kw>
<kw name="Sleep" owner="BuiltIn">
<msg time="2026-02-25T08:32:14.217894" level="INFO">Slept 2 seconds.</msg>
<arg>2s</arg>
<doc>Pauses the test executed for the given time.</doc>
<status status="PASS" start="2026-02-25T08:32:12.217154" elapsed="2.000823"/>
</kw>
<kw name="Wait Until Page Contains Element" owner="SeleniumLibrary">
<msg time="2026-02-25T08:32:24.459433" level="INFO" html="true">&lt;/td&gt;&lt;/tr&gt;&lt;tr&gt;&lt;td colspan="3"&gt;&lt;a href="selenium-screenshot-21.png"&gt;&lt;img src="selenium-screenshot-21.png" width="800px"&gt;&lt;/a&gt;</msg>
<msg time="2026-02-25T08:32:24.459730" level="FAIL">Element 'xpath=//*[@id="app"]/main/div/div[2]/form/input[1]' did not appear in 10 seconds.</msg>
<arg>${LOGIN_EMAIL_INPUT}</arg>
<arg>timeout=10s</arg>
<doc>Waits until the element ``locator`` appears on the current page.</doc>
<status status="FAIL" start="2026-02-25T08:32:14.218322" elapsed="10.243599">Element 'xpath=//*[@id="app"]/main/div/div[2]/form/input[1]' did not appear in 10 seconds.</status>
</kw>
<kw name="Wait Until Page Contains Element" owner="SeleniumLibrary">
<arg>${LOGIN_PASSWORD_INPUT}</arg>
<arg>timeout=10s</arg>
<doc>Waits until the element ``locator`` appears on the current page.</doc>
<status status="NOT RUN" start="2026-02-25T08:32:24.462431" elapsed="0.000049"/>
</kw>
<kw name="Input Text" owner="SeleniumLibrary">
<arg>${LOGIN_EMAIL_INPUT}</arg>
<arg>${VALID_EMAIL}</arg>
<doc>Types the given ``text`` into the text field identified by ``locator``.</doc>
<status status="NOT RUN" start="2026-02-25T08:32:24.462688" elapsed="0.000032"/>
</kw>
<kw name="Input Text" owner="SeleniumLibrary">
<arg>${LOGIN_PASSWORD_INPUT}</arg>
<arg>${VALID_PASS}</arg>
<doc>Types the given ``text`` into the text field identified by ``locator``.</doc>
<status status="NOT RUN" start="2026-02-25T08:32:24.462887" elapsed="0.000029"/>
</kw>
<kw name="Click Button" owner="SeleniumLibrary">
<arg>${LOGIN_BUTTON}</arg>
<doc>Clicks the button identified by ``locator``.</doc>
<status status="NOT RUN" start="2026-02-25T08:32:24.463081" elapsed="0.000028"/>
</kw>
<kw name="Wait Until Location Contains" owner="SeleniumLibrary">
<arg>dashboard</arg>
<arg>timeout=15s</arg>
<doc>Waits until the current URL contains ``expected``.</doc>
<status status="NOT RUN" start="2026-02-25T08:32:24.463362" elapsed="0.000029"/>
</kw>
<kw name="Sleep" owner="BuiltIn">
<arg>2s</arg>
<doc>Pauses the test executed for the given time.</doc>
<status status="NOT RUN" start="2026-02-25T08:32:24.463546" elapsed="0.000028"/>
</kw>
<kw name="Click Button" owner="SeleniumLibrary">
<arg>${LOGOUT_BUTTON}</arg>
<doc>Clicks the button identified by ``locator``.</doc>
<status status="NOT RUN" start="2026-02-25T08:32:24.463721" elapsed="0.000026"/>
</kw>
<kw name="Capture Page Screenshot" owner="SeleniumLibrary">
<doc>Takes a screenshot of the current page and embeds it into a log file.</doc>
<status status="NOT RUN" start="2026-02-25T08:32:24.463891" elapsed="0.000026"/>
</kw>
<kw name="Close Browser" owner="SeleniumLibrary" type="TEARDOWN">
<doc>Closes the current browser.</doc>
<status status="PASS" start="2026-02-25T08:32:24.464254" elapsed="2.156146"/>
</kw>
<doc>Érvényes adatokkal való bejelentkezés</doc>
<status status="FAIL" start="2026-02-25T08:32:10.706311" elapsed="15.914330">Element 'xpath=//*[@id="app"]/main/div/div[2]/form/input[1]' did not appear in 10 seconds.</status>
</test>
<test id="s1-t2" name="Sikertelen bejelentkezés" line="54">
<kw name="Open Browser" owner="SeleniumLibrary">
<msg time="2026-02-25T08:32:26.621863" level="INFO">Opening browser 'chrome' to base url 'http://localhost:5173/login'.</msg>
<arg>${LOGIN URL}</arg>
<arg>${BROWSER}</arg>
<doc>Opens a new browser instance to the optional ``url``.</doc>
<status status="PASS" start="2026-02-25T08:32:26.621627" elapsed="0.761192"/>
</kw>
<kw name="Maximize Browser Window" owner="SeleniumLibrary">
<doc>Maximizes current browser window.</doc>
<status status="PASS" start="2026-02-25T08:32:27.383343" elapsed="0.027027"/>
</kw>
<kw name="Wait Until Page Contains Element" owner="SeleniumLibrary">
<arg>css=#app</arg>
<arg>timeout=10s</arg>
<doc>Waits until the element ``locator`` appears on the current page.</doc>
<status status="PASS" start="2026-02-25T08:32:27.410716" elapsed="0.007320"/>
</kw>
<kw name="Sleep" owner="BuiltIn">
<msg time="2026-02-25T08:32:29.419082" level="INFO">Slept 2 seconds.</msg>
<arg>2s</arg>
<doc>Pauses the test executed for the given time.</doc>
<status status="PASS" start="2026-02-25T08:32:27.418406" elapsed="2.001081"/>
</kw>
<kw name="Wait Until Page Contains Element" owner="SeleniumLibrary">
<msg time="2026-02-25T08:32:32.398082" level="WARN">Keyword 'Capture Page Screenshot' could not be run on failure: Message: invalid session id; For documentation on this error, please visit: https://www.selenium.dev/documentation/webdriver/troubleshooting/errors#invalidsessionidexception
Stacktrace:
Symbols not available. Dumping unresolved backtrace:
	0x7ff7dd78aa55
	0x7ff7dd4e8630
	0x7ff7dd27d546
	0x7ff7dd2c8113
	0x7ff7dd3018e2
	0x7ff7dd2fbb11
	0x7ff7dd2fadc3
	0x7ff7dd246505
	0x7ff7dd7b7810
	0x7ff7dd7b1afd
	0x7ff7dd7d2c1a
	0x7ff7dd503345
	0x7ff7dd50b81c
	0x7ff7dd24536a
	0x7ff7dd912b08
	0x7ffb1b7ae8d7
	0x7ffb1c8bc34c
</msg>
<msg time="2026-02-25T08:32:32.398411" level="FAIL">InvalidSessionIdException: Message: invalid session id: session deleted as the browser has closed the connection
from disconnected: not connected to DevTools
  (Session info: chrome=145.0.7632.116); For documentation on this error, please visit: https://www.selenium.dev/documentation/webdriver/troubleshooting/errors#invalidsessionidexception
Stacktrace:
Symbols not available. Dumping unresolved backtrace:
	0x7ff7dd78aa55
	0x7ff7dd4e8630
	0x7ff7dd27d75d
	0x7ff7dd268c72
	0x7ff7dd28f015
	0x7ff7dd3090e0
	0x7ff7dd325282
	0x7ff7dd2c9098
	0x7ff7dd2c9f83
	0x7ff7dd7b7810
	0x7ff7dd7b1afd
	0x7ff7dd7d2c1a
	0x7ff7dd503345
	0x7ff7dd50b81c
	0x7ff7dd4f1924
	0x7ff7dd4f1ad6
	0x7ff7dd4d7e47
	0x7ffb1b7ae8d7
	0x7ffb1c8bc34c
</msg>
<arg>${LOGIN_EMAIL_INPUT}</arg>
<arg>timeout=10s</arg>
<doc>Waits until the element ``locator`` appears on the current page.</doc>
<status status="FAIL" start="2026-02-25T08:32:29.420658" elapsed="2.979761">InvalidSessionIdException: Message: invalid session id: session deleted as the browser has closed the connection
from disconnected: not connected to DevTools
  (Session info: chrome=145.0.7632.116); For documentation on this error, please visit: https://www.selenium.dev/documentation/webdriver/troubleshooting/errors#invalidsessionidexception
Stacktrace:
Symbols not available. Dumping unresolved backtrace:
	0x7ff7dd78aa55
	0x7ff7dd4e8630
	0x7ff7dd27d75d
	0x7ff7dd268c72
	0x7ff7dd28f015
	0x7ff7dd3090e0
	0x7ff7dd325282
	0x7ff7dd2c9098
	0x7ff7dd2c9f83
	0x7ff7dd7b7810
	0x7ff7dd7b1afd
	0x7ff7dd7d2c1a
	0x7ff7dd503345
	0x7ff7dd50b81c
	0x7ff7dd4f1924
	0x7ff7dd4f1ad6
	0x7ff7dd4d7e47
	0x7ffb1b7ae8d7
	0x7ffb1c8bc34c
</status>
</kw>
<kw name="Wait Until Page Contains Element" owner="SeleniumLibrary">
<arg>${LOGIN_PASSWORD_INPUT}</arg>
<arg>timeout=10s</arg>
<doc>Waits until the element ``locator`` appears on the current page.</doc>
<status status="NOT RUN" start="2026-02-25T08:32:32.400794" elapsed="0.000038"/>
</kw>
<kw name="Input Text" owner="SeleniumLibrary">
<arg>${LOGIN_EMAIL_INPUT}</arg>
<arg>${INVALID_EMAIL}</arg>
<doc>Types the given ``text`` into the text field identified by ``locator``.</doc>
<status status="NOT RUN" start="2026-02-25T08:32:32.400981" elapsed="0.000022"/>
</kw>
<kw name="Input Text" owner="SeleniumLibrary">
<arg>${LOGIN_PASSWORD_INPUT}</arg>
<arg>${INVALID_PASS}</arg>
<doc>Types the given ``text`` into the text field identified by ``locator``.</doc>
<status status="NOT RUN" start="2026-02-25T08:32:32.401159" elapsed="0.000029"/>
</kw>
<kw name="Click Button" owner="SeleniumLibrary">
<arg>${LOGIN_BUTTON}</arg>
<doc>Clicks the button identified by ``locator``.</doc>
<status status="NOT RUN" start="2026-02-25T08:32:32.401342" elapsed="0.000025"/>
</kw>
<kw name="Sleep" owner="BuiltIn">
<arg>2s</arg>
<doc>Pauses the test executed for the given time.</doc>
<status status="NOT RUN" start="2026-02-25T08:32:32.401524" elapsed="0.000028"/>
</kw>
<kw name="Capture Page Screenshot" owner="SeleniumLibrary">
<doc>Takes a screenshot of the current page and embeds it into a log file.</doc>
<status status="NOT RUN" start="2026-02-25T08:32:32.401698" elapsed="0.000023"/>
</kw>
<kw name="Close Browser" owner="SeleniumLibrary" type="TEARDOWN">
<doc>Closes the current browser.</doc>
<status status="PASS" start="2026-02-25T08:32:32.401966" elapsed="2.023836"/>
</kw>
<doc>Érvénytelen adatokkal való bejelentkezési kísérlet</doc>
<status status="FAIL" start="2026-02-25T08:32:26.621196" elapsed="7.804812">InvalidSessionIdException: Message: invalid session id: session deleted as the browser has closed the connection
from disconnected: not connected to DevTools
  (Session info: chrome=145.0.7632.116); For documentation on this error, please visit: https://www.selenium.dev/documentation/webdriver/troubleshooting/errors#invalidsessionidexception
Stacktrace:
Symbols not available. Dumping unresolved backtrace:
	0x7ff7dd78aa55
	0x7ff7dd4e8630
	0x7ff7dd27d75d
	0x7ff7dd268c72
	0x7ff7dd28f015
	0x7ff7dd3090e0
	0x7ff7dd325282
	0x7ff7dd2c9098
	0x7ff7dd2c9f83
	0x7ff7dd7b7810
	0x7ff7dd7b1afd
	0x7ff7dd7d2c1a
	0x7ff7dd503345
	0x7ff7dd50b81c
	0x7ff7dd4f1924
	0x7ff7dd4f1ad6
	0x7ff7dd4d7e47
	0x7ffb1b7ae8d7
	0x7ffb1c8bc34c
</status>
</test>
<doc>Bejelentkezés tesztelése</doc>
<status status="FAIL" start="2026-02-25T08:32:10.577079" elapsed="23.849368"/>
</suite>
<statistics>
<total>
<stat pass="0" fail="2" skip="0">All Tests</stat>
</total>
<tag>
</tag>
<suite>
<stat name="Bejelentkezes" id="s1" pass="0" fail="2" skip="0">Bejelentkezes</stat>
</suite>
</statistics>
<errors>
<msg time="2026-02-25T08:32:11.471565" level="WARN">Error sending stats to Plausible: error sending request for url (https://plausible.io/api/event)</msg>
<msg time="2026-02-25T08:32:32.398082" level="WARN">Keyword 'Capture Page Screenshot' could not be run on failure: Message: invalid session id; For documentation on this error, please visit: https://www.selenium.dev/documentation/webdriver/troubleshooting/errors#invalidsessionidexception
Stacktrace:
Symbols not available. Dumping unresolved backtrace:
	0x7ff7dd78aa55
	0x7ff7dd4e8630
	0x7ff7dd27d546
	0x7ff7dd2c8113
	0x7ff7dd3018e2
	0x7ff7dd2fbb11
	0x7ff7dd2fadc3
	0x7ff7dd246505
	0x7ff7dd7b7810
	0x7ff7dd7b1afd
	0x7ff7dd7d2c1a
	0x7ff7dd503345
	0x7ff7dd50b81c
	0x7ff7dd24536a
	0x7ff7dd912b08
	0x7ffb1b7ae8d7
	0x7ffb1c8bc34c
</msg>
</errors>
</robot>
